[debug] [2024-05-16T06:32:11.592Z] ----------------------------------------------------------------------
[debug] [2024-05-16T06:32:11.594Z] Command:       C:\Users\BINULA~1\DOWNLO~1\firebase-tools-instant-win.exe C:\Users\Binu Lal\.cache\firebase\tools\lib\node_modules\firebase-tools\lib\bin\firebase init
[debug] [2024-05-16T06:32:11.594Z] CLI Version:   13.8.3
[debug] [2024-05-16T06:32:11.594Z] Platform:      win32
[debug] [2024-05-16T06:32:11.594Z] Node Version:  v18.5.0
[debug] [2024-05-16T06:32:11.600Z] Time:          Thu May 16 2024 12:02:11 GMT+0530 (India Standard Time)
[debug] [2024-05-16T06:32:11.601Z] ----------------------------------------------------------------------
[debug] 
[debug] [2024-05-16T06:32:11.675Z] > command requires scopes: ["email","openid","https://www.googleapis.com/auth/cloudplatformprojects.readonly","https://www.googleapis.com/auth/firebase","https://www.googleapis.com/auth/cloud-platform"]
[debug] [2024-05-16T06:32:11.676Z] > authorizing via signed-in user (i3inoooo@gmail.com)
[info] 
     ######## #### ########  ######## ########     ###     ######  ########
     ##        ##  ##     ## ##       ##     ##  ##   ##  ##       ##
     ######    ##  ########  ######   ########  #########  ######  ######
     ##        ##  ##    ##  ##       ##     ## ##     ##       ## ##
     ##       #### ##     ## ######## ########  ##     ##  ######  ########

You're about to initialize a Firebase project in this directory:

  C:\Users\Binu Lal\Downloads\Green media project\Website

Before we get started, keep in mind:

  * You are initializing within an existing Firebase project directory

[debug] [2024-05-16T06:32:18.874Z] Error: Timed out.
    at Timeout._onTimeout (C:\Users\Binu Lal\.cache\firebase\tools\lib\node_modules\firebase-tools\lib\utils.js:267:49)
    at listOnTimeout (node:internal/timers:564:17)
    at process.processTimers (node:internal/timers:507:7)
[error] 
[error] Error: An unexpected error has occurred.
